<?xml version="1.0" encoding="UTF-8"?>
<!-- Generated by org.testng.reporters.JUnitXMLReporter -->
<testsuite ignored="0" hostname="LTPC0K7AG1" failures="0" tests="3" name="Default test" time="0.079" errors="0" timestamp="30 Jul 2019 06:06:41 GMT">
  <testcase classname="FirstTestNgPackage.FirstTestngClass" name="b_test" time="0.013"/>
  <testcase classname="FirstTestNgPackage.FirstTestngClass" name="c_test" time="0.002"/>
  <testcase classname="FirstTestNgPackage.FirstTestngClass" name="a_test" time="0.002"/>
</testsuite> <!-- Default test -->
