<?xml version="1.0" encoding="UTF-8"?>
<testng-results ignored="0" total="2" passed="2" failed="0" skipped="0">
  <reporter-output>
  </reporter-output>
  <suite started-at="2019-07-30T09:04:29Z" name="Suite" finished-at="2019-07-30T09:04:39Z" duration-ms="9763">
    <groups>
    </groups>
    <test started-at="2019-07-30T09:04:29Z" name="Test" finished-at="2019-07-30T09:04:39Z" duration-ms="9763">
      <class name="Parallelruning.ChromeFirstSession">
        <test-method signature="LaunchBrowserfirstSession1()[pri:0, instance:Parallelruning.ChromeFirstSession@780cb77]" started-at="2019-07-30T09:04:29Z" name="LaunchBrowserfirstSession1" finished-at="2019-07-30T09:04:39Z" duration-ms="9673" status="PASS">
          <reporter-output>
          </reporter-output>
        </test-method> <!-- LaunchBrowserfirstSession1 -->
        <test-method signature="LaunchBrowserfirstSession()[pri:0, instance:Parallelruning.ChromeFirstSession@780cb77]" started-at="2019-07-30T09:04:29Z" name="LaunchBrowserfirstSession" finished-at="2019-07-30T09:04:38Z" duration-ms="9206" status="PASS">
          <reporter-output>
          </reporter-output>
        </test-method> <!-- LaunchBrowserfirstSession -->
      </class> <!-- Parallelruning.ChromeFirstSession -->
    </test> <!-- Test -->
  </suite> <!-- Suite -->
</testng-results>
